[debug] [2022-01-02T21:04:24.451Z] ----------------------------------------------------------------------
[debug] [2022-01-02T21:04:24.477Z] Command:       C:\Program Files\nodejs\node.exe C:\Users\kingv\AppData\Roaming\npm\node_modules\firebase-tools\lib\bin\firebase.js init hosting
[debug] [2022-01-02T21:04:24.477Z] CLI Version:   9.22.0
[debug] [2022-01-02T21:04:24.477Z] Platform:      win32
[debug] [2022-01-02T21:04:24.478Z] Node Version:  v14.16.1
[debug] [2022-01-02T21:04:24.605Z] Time:          Sun Jan 02 2022 23:04:24 GMT+0200 (South Africa Standard Time)
[debug] [2022-01-02T21:04:24.605Z] ----------------------------------------------------------------------
[debug] 
[debug] [2022-01-02T21:04:24.632Z] >>> [apiv2][query] GET https://firebase-public.firebaseio.com/cli.json [none]
[debug] [2022-01-02T21:04:24.733Z] > command requires scopes: ["email","openid","https://www.googleapis.com/auth/cloudplatformprojects.readonly","https://www.googleapis.com/auth/firebase","https://www.googleapis.com/auth/cloud-platform"]
[debug] [2022-01-02T21:04:24.734Z] > authorizing via signed-in user (wits.overflow@gmail.com)
[info] 
     ######## #### ########  ######## ########     ###     ######  ########
     ##        ##  ##     ## ##       ##     ##  ##   ##  ##       ##
     ######    ##  ########  ######   ########  #########  ######  ######
     ##        ##  ##    ##  ##       ##     ## ##     ##       ## ##
     ##       #### ##     ## ######## ########  ##     ##  ######  ########

You're about to initialize a Firebase project in this directory:

  C:\Users\kingv\Documents\Personal Projects\wwgh

[debug] [2022-01-02T21:04:25.659Z] <<< [apiv2][status] GET https://firebase-public.firebaseio.com/cli.json 200
[debug] [2022-01-02T21:04:25.659Z] <<< [apiv2][body] GET https://firebase-public.firebaseio.com/cli.json {"cloudBuildErrorAfter":1594252800000,"cloudBuildWarnAfter":1590019200000,"defaultNode10After":1594252800000,"minVersion":"3.0.5","node8DeploysDisabledAfter":1613390400000,"node8RuntimeDisabledAfter":1615809600000,"node8WarnAfter":1600128000000}
[info] 
=== Project Setup
[info] 
[info] First, let's associate this project directory with a Firebase project.
[info] You can create multiple project aliases by running firebase use --add, 
[info] but for now we'll just set up a default project.
[info] 
[debug] [2022-01-02T21:05:38.581Z] > refreshing access token with scopes: []
[debug] [2022-01-02T21:05:38.581Z] >>> HTTP REQUEST POST https://www.googleapis.com/oauth2/v3/token  
 <request body omitted>
